<?xml version="1.0" encoding="UTF-8"?>
<!-- Generated by org.testng.reporters.JUnitXMLReporter -->
<testsuite hostname="CPU351" ignored="3" name="MakeaRequest" tests="5" failures="3" timestamp="29 Apr 2019 06:18:46 GMT" time="86.023" errors="0">
  <testcase name="Login" time="8.8" classname="Scripts.Login_Script"/>
  <testcase name="makeRequest" time="7.947" classname="Scripts.MakeARequest_Script"/>
  <testcase name="makeRequest" time="25.173" classname="Scripts.MakeARequest_Script">
    <failure type="org.openqa.selenium.NoSuchElementException" message="Cannot locate element with text: Transaction
For documentation on this error, please visit: http://seleniumhq.org/exceptions/no_such_element.html
Build info: version: &amp;apos;3.14.0&amp;apos;, revision: &amp;apos;aacccce0&amp;apos;, time: &amp;apos;2018-08-02T20:13:22.693Z&amp;apos;
System info: host: &amp;apos;CPU351&amp;apos;, ip: &amp;apos;10.80.106.233&amp;apos;, os.name: &amp;apos;Windows 10&amp;apos;, os.arch: &amp;apos;amd64&amp;apos;, os.version: &amp;apos;10.0&amp;apos;, java.version: &amp;apos;1.8.0_191&amp;apos;
Driver info: driver.version: unknown">
      <![CDATA[org.openqa.selenium.NoSuchElementException: Cannot locate element with text: Transaction
For documentation on this error, please visit: http://seleniumhq.org/exceptions/no_such_element.html
Build info: version: '3.14.0', revision: 'aacccce0', time: '2018-08-02T20:13:22.693Z'
System info: host: 'CPU351', ip: '10.80.106.233', os.name: 'Windows 10', os.arch: 'amd64', os.version: '10.0', java.version: '1.8.0_191'
Driver info: driver.version: unknown
at org.openqa.selenium.support.ui.Select.selectByVisibleText(Select.java:151)
at Page_Factory.pf_makeaRequestPage.makeARequestResource(pf_makeaRequestPage.java:343)
at Scripts.MakeARequest_Script.makeRequest(MakeARequest_Script.java:51)
... Removed 25 stack frames]]>
    </failure>
  </testcase> <!-- makeRequest -->
  <testcase name="makeRequest" time="11.476" classname="Scripts.MakeARequest_Script">
    <failure type="org.openqa.selenium.NoSuchElementException" message="Cannot locate element with text: emIDAM
For documentation on this error, please visit: http://seleniumhq.org/exceptions/no_such_element.html
Build info: version: &amp;apos;3.14.0&amp;apos;, revision: &amp;apos;aacccce0&amp;apos;, time: &amp;apos;2018-08-02T20:13:22.693Z&amp;apos;
System info: host: &amp;apos;CPU351&amp;apos;, ip: &amp;apos;10.80.106.233&amp;apos;, os.name: &amp;apos;Windows 10&amp;apos;, os.arch: &amp;apos;amd64&amp;apos;, os.version: &amp;apos;10.0&amp;apos;, java.version: &amp;apos;1.8.0_191&amp;apos;
Driver info: driver.version: unknown">
      <![CDATA[org.openqa.selenium.NoSuchElementException: Cannot locate element with text: emIDAM
For documentation on this error, please visit: http://seleniumhq.org/exceptions/no_such_element.html
Build info: version: '3.14.0', revision: 'aacccce0', time: '2018-08-02T20:13:22.693Z'
System info: host: 'CPU351', ip: '10.80.106.233', os.name: 'Windows 10', os.arch: 'amd64', os.version: '10.0', java.version: '1.8.0_191'
Driver info: driver.version: unknown
at org.openqa.selenium.support.ui.Select.selectByVisibleText(Select.java:151)
at Page_Factory.pf_makeaRequestPage.makeARequestOtherGroup(pf_makeaRequestPage.java:405)
at Scripts.MakeARequest_Script.makeRequest(MakeARequest_Script.java:54)
... Removed 25 stack frames]]>
    </failure>
  </testcase> <!-- makeRequest -->
  <testcase name="makeRequest" time="27.431" classname="Scripts.MakeARequest_Script">
    <failure type="org.openqa.selenium.NoSuchElementException" message="Cannot locate element with text: Transaction
For documentation on this error, please visit: http://seleniumhq.org/exceptions/no_such_element.html
Build info: version: &amp;apos;3.14.0&amp;apos;, revision: &amp;apos;aacccce0&amp;apos;, time: &amp;apos;2018-08-02T20:13:22.693Z&amp;apos;
System info: host: &amp;apos;CPU351&amp;apos;, ip: &amp;apos;10.80.106.233&amp;apos;, os.name: &amp;apos;Windows 10&amp;apos;, os.arch: &amp;apos;amd64&amp;apos;, os.version: &amp;apos;10.0&amp;apos;, java.version: &amp;apos;1.8.0_191&amp;apos;
Driver info: driver.version: unknown">
      <![CDATA[org.openqa.selenium.NoSuchElementException: Cannot locate element with text: Transaction
For documentation on this error, please visit: http://seleniumhq.org/exceptions/no_such_element.html
Build info: version: '3.14.0', revision: 'aacccce0', time: '2018-08-02T20:13:22.693Z'
System info: host: 'CPU351', ip: '10.80.106.233', os.name: 'Windows 10', os.arch: 'amd64', os.version: '10.0', java.version: '1.8.0_191'
Driver info: driver.version: unknown
at org.openqa.selenium.support.ui.Select.selectByVisibleText(Select.java:151)
at Page_Factory.pf_makeaRequestPage.makeARequestOtherResource(pf_makeaRequestPage.java:537)
at Scripts.MakeARequest_Script.makeRequest(MakeARequest_Script.java:57)
... Removed 25 stack frames]]>
    </failure>
  </testcase> <!-- makeRequest -->
  <testcase name="@BeforeSuite createreport" time="0.0" classname="Generic_Library.Basefunctions">
    <ignored/>
  </testcase> <!-- @BeforeSuite createreport -->
  <testcase name="@BeforeTest launch" time="0.0" classname="Generic_Library.Basefunctions">
    <ignored/>
  </testcase> <!-- @BeforeTest launch -->
  <testcase name="@AfterTest closeapp" time="0.0" classname="Generic_Library.Basefunctions">
    <ignored/>
  </testcase> <!-- @AfterTest closeapp -->
</testsuite> <!-- MakeaRequest -->
